[INFO  Tue 24 Oct 2023 08:58:48 AM +03] ...e/nvim/lazy/mason.nvim/lua/mason-core/installer/init.lua:184: Executing installer for Package(name=lua-language-server) {}
[INFO  Tue 24 Oct 2023 08:58:48 AM +03] ...e/nvim/lazy/mason.nvim/lua/mason-core/installer/init.lua:184: Executing installer for Package(name=stylua) {}
[INFO  Tue 24 Oct 2023 08:58:48 AM +03] ...e/nvim/lazy/mason.nvim/lua/mason-core/installer/init.lua:184: Executing installer for Package(name=css-lsp) {}
[INFO  Tue 24 Oct 2023 08:58:48 AM +03] ...e/nvim/lazy/mason.nvim/lua/mason-core/installer/init.lua:184: Executing installer for Package(name=html-lsp) {}
[INFO  Tue 24 Oct 2023 08:58:48 AM +03] ...e/nvim/lazy/mason.nvim/lua/mason-core/installer/init.lua:184: Executing installer for Package(name=typescript-language-server) {}
[INFO  Tue 24 Oct 2023 08:58:48 AM +03] ...e/nvim/lazy/mason.nvim/lua/mason-core/installer/init.lua:184: Executing installer for Package(name=deno) {}
[INFO  Tue 24 Oct 2023 08:58:48 AM +03] ...e/nvim/lazy/mason.nvim/lua/mason-core/installer/init.lua:184: Executing installer for Package(name=prettier) {}
[INFO  Tue 24 Oct 2023 08:58:48 AM +03] ...e/nvim/lazy/mason.nvim/lua/mason-core/installer/init.lua:184: Executing installer for Package(name=clangd) {}
[INFO  Tue 24 Oct 2023 08:58:48 AM +03] ...e/nvim/lazy/mason.nvim/lua/mason-core/installer/init.lua:184: Executing installer for Package(name=clang-format) {}
[ERROR Tue 24 Oct 2023 08:58:48 AM +03] ...e/nvim/lazy/mason.nvim/lua/mason-core/installer/init.lua:249: Installation failed for Package(name=css-lsp) error=spawn: npm failed with exit code - and signal -. npm is not executable
[ERROR Tue 24 Oct 2023 08:58:48 AM +03] ...e/nvim/lazy/mason.nvim/lua/mason-core/installer/init.lua:249: Installation failed for Package(name=html-lsp) error=spawn: npm failed with exit code - and signal -. npm is not executable
[ERROR Tue 24 Oct 2023 08:58:48 AM +03] ...e/nvim/lazy/mason.nvim/lua/mason-core/installer/init.lua:249: Installation failed for Package(name=typescript-language-server) error=spawn: npm failed with exit code - and signal -. npm is not executable
[ERROR Tue 24 Oct 2023 08:58:48 AM +03] ...e/nvim/lazy/mason.nvim/lua/mason-core/installer/init.lua:249: Installation failed for Package(name=prettier) error=spawn: npm failed with exit code - and signal -. npm is not executable
[INFO  Tue 24 Oct 2023 09:00:27 AM +03] ...e/nvim/lazy/mason.nvim/lua/mason-core/installer/init.lua:245: Installation succeeded for Package(name=clang-format)
[INFO  Tue 24 Oct 2023 09:00:41 AM +03] ...e/nvim/lazy/mason.nvim/lua/mason-core/installer/init.lua:245: Installation succeeded for Package(name=lua-language-server)
[INFO  Tue 24 Oct 2023 09:00:56 AM +03] ...e/nvim/lazy/mason.nvim/lua/mason-core/installer/init.lua:245: Installation succeeded for Package(name=stylua)
[ERROR Tue 24 Oct 2023 09:01:59 AM +03] ...e/nvim/lazy/mason.nvim/lua/mason-core/installer/init.lua:249: Installation failed for Package(name=clangd) error="Installation was aborted."
[ERROR Tue 24 Oct 2023 09:01:59 AM +03] ...e/nvim/lazy/mason.nvim/lua/mason-core/installer/init.lua:249: Installation failed for Package(name=deno) error="Installation was aborted."
[INFO  Thu 28 Mar 2024 04:09:18 AM +03] ...e/nvim/lazy/mason.nvim/lua/mason-core/installer/init.lua:184: Executing installer for Package(name=lua-language-server) {}
[INFO  Thu 28 Mar 2024 04:09:36 AM +03] ...e/nvim/lazy/mason.nvim/lua/mason-core/installer/init.lua:245: Installation succeeded for Package(name=lua-language-server)
[INFO  Thu 28 Mar 2024 04:11:49 AM +03] ...e/nvim/lazy/mason.nvim/lua/mason-core/installer/init.lua:184: Executing installer for Package(name=lua-language-server) {}
[INFO  Thu 28 Mar 2024 04:11:49 AM +03] ...e/nvim/lazy/mason.nvim/lua/mason-core/installer/init.lua:184: Executing installer for Package(name=clangd) {}
[INFO  Thu 28 Mar 2024 04:12:33 AM +03] ...e/nvim/lazy/mason.nvim/lua/mason-core/installer/init.lua:245: Installation succeeded for Package(name=lua-language-server)
[ERROR Thu 28 Mar 2024 04:16:45 AM +03] ...e/nvim/lazy/mason.nvim/lua/mason-core/installer/init.lua:249: Installation failed for Package(name=clangd) error="Installation was aborted."
[INFO  Thu 28 Mar 2024 04:30:04 AM +03] ...e/nvim/lazy/mason.nvim/lua/mason-core/installer/init.lua:184: Executing installer for Package(name=clangd) {}
[INFO  Thu 28 Mar 2024 04:37:07 AM +03] ...e/nvim/lazy/mason.nvim/lua/mason-core/installer/init.lua:245: Installation succeeded for Package(name=clangd)
[INFO  Thu 28 Mar 2024 05:09:45 AM +03] ...e/nvim/lazy/mason.nvim/lua/mason-core/installer/init.lua:184: Executing installer for Package(name=clangd) {}
[INFO  Thu 28 Mar 2024 05:17:00 AM +03] ...e/nvim/lazy/mason.nvim/lua/mason-core/installer/init.lua:245: Installation succeeded for Package(name=clangd)
[INFO  Thu 28 Mar 2024 05:17:48 AM +03] ...e/nvim/lazy/mason.nvim/lua/mason-core/installer/init.lua:184: Executing installer for Package(name=clangd) {}
[ERROR Thu 28 Mar 2024 05:17:55 AM +03] ...e/nvim/lazy/mason.nvim/lua/mason-core/installer/init.lua:249: Installation failed for Package(name=clangd) error="Installation was aborted."
[INFO  Thu 28 Mar 2024 05:18:10 AM +03] ...e/nvim/lazy/mason.nvim/lua/mason-core/installer/init.lua:184: Executing installer for Package(name=clangd) {}
[ERROR Thu 28 Mar 2024 05:20:27 AM +03] ...e/nvim/lazy/mason.nvim/lua/mason-core/installer/init.lua:249: Installation failed for Package(name=clangd) error="Installation was aborted."
[INFO  Thu 28 Mar 2024 05:20:39 AM +03] ...e/nvim/lazy/mason.nvim/lua/mason-core/installer/init.lua:184: Executing installer for Package(name=clangd) {}
[INFO  Thu 28 Mar 2024 05:37:10 AM +03] ...e/nvim/lazy/mason.nvim/lua/mason-core/installer/init.lua:245: Installation succeeded for Package(name=clangd)
